[backblue.gif]
[fade.gif]
[index.html]
[iscorecv.com/img/f1.jpg]
[iscorecv.com/img/apple-touch-icon.png]
[iscorecv.com/img/intro-carousel/2.jpg]
[iscorecv.com/img/portfolio/03.jpg]
[iscorecv.com/img/portfolio/06.jpg]
[iscorecv.com/img/portfolio/02.jpg]
[iscorecv.com/img/portfolio/05.jpg]
[iscorecv.com/img/portfolio/01.jpg]
[iscorecv.com/img/01.jpg]
[iscorecv.com/lib/jquery/jquery.min.js]
[iscorecv.com/lib/jquery/jquery-migrate.min.js]
[iscorecv.com/lib/bootstrap/js/bootstrap.bundle.min.js]
[iscorecv.com/lib/easing/easing.min.js]
[iscorecv.com/lib/superfish/hoverIntent.js]
[iscorecv.com/lib/superfish/superfish.min.js]
[iscorecv.com/lib/wow/wow.min.js]
[iscorecv.com/lib/waypoints/waypoints.min.js]
[iscorecv.com/lib/counterup/counterup.min.js]
[iscorecv.com/lib/owlcarousel/owl.carousel.min.js]
[iscorecv.com/lib/isotope/isotope.pkgd.min.js]
[iscorecv.com/lib/lightbox/js/lightbox.min.js]
[iscorecv.com/lib/touchSwipe/jquery.touchSwipe.min.js]
[iscorecv.com/js/main.js]
[iscorecv.com/index.html]
[iscorecv.com/lib/bootstrap/css/bootstrap.min.css]
[iscorecv.com/lib/font-awesome/fonts/fontawesome-webfont3e6e.eot]
[iscorecv.com/lib/font-awesome/fonts/fontawesome-webfontd41d.eot]
[iscorecv.com/lib/font-awesome/fonts/fontawesome-webfont3e6e.woff2]
[iscorecv.com/lib/font-awesome/fonts/fontawesome-webfont3e6e.woff]
[iscorecv.com/lib/font-awesome/fonts/fontawesome-webfont3e6e.ttf]
[iscorecv.com/lib/font-awesome/css/font-awesome.min.css]
[iscorecv.com/lib/animate/animate.min.css]
[iscorecv.com/lib/ionicons/fonts/ionicons28b5.eot]
[iscorecv.com/lib/ionicons/fonts/ionicons28b5.ttf]
[iscorecv.com/lib/ionicons/fonts/ionicons28b5.woff]
[iscorecv.com/lib/ionicons/css/ionicons.min.css]
[iscorecv.com/lib/owlcarousel/assets/owl.video.play.png]
[iscorecv.com/lib/owlcarousel/assets/owl.carousel.min.css]
[iscorecv.com/lib/lightbox/images/loading.gif]
[iscorecv.com/lib/lightbox/css/lightbox.min.css]
[iscorecv.com/css/style.css]
[iscorecv.com/contactform/contactform.html]
[iscorecv.com/lib/font-awesome/fonts/fontawesome-webfont3e6e.svg]
[iscorecv.com/lib/ionicons/fonts/ionicons28b5.svg]
[iscorecv.com/img/about-bg.html]
[iscorecv.com/img/call-to-action-bg.html]
[iscorecv.com/img/facts-bg.html]
